ISim log file
Running: E:\TE\Winter\VLSI\finalProj\ff_en_r\ff_en_r_tb_isim_beh.exe -intstyle ise -gui -tclbatch isim.cmd -wdb E:/TE/Winter/VLSI/finalProj/ff_en_r/ff_en_r_tb_isim_beh.wdb 
ISim P.58f (signature 0x7708f090)
This is a Full version of ISim.
Time resolution is 1 ps
# onerror resume
# wave add /
# run 1000 ns
Simulator is doing circuit initialization process.
Finished circuit initialization process.
# run all
Stopped at time : 407053520 ns : File "E:/TE/Winter/VLSI/finalProj/ff_en_r/ff_en_r_tb.v" Line 45
ISim P.58f (signature 0x7708f090)
This is a Full version of ISim.
# run 1000 ns
Simulator is doing circuit initialization process.
Finished circuit initialization process.
ISim P.58f (signature 0x7708f090)
This is a Full version of ISim.
# run 1000 ns
Simulator is doing circuit initialization process.
Finished circuit initialization process.
