Running: F:\Xilinx\14.5\ISE_DS\ISE\bin\nt64\unwrapped\fuse.exe -intstyle ise -incremental -lib unisims_ver -lib unimacro_ver -lib xilinxcorelib_ver -o C:/Users/AS/Desktop/VLSI project/ConditonalInverter/Cond_inv_tb_isim_beh.exe -prj C:/Users/AS/Desktop/VLSI project/ConditonalInverter/Cond_inv_tb_beh.prj work.Cond_inv_tb work.glbl 
ISim P.58f (signature 0x7708f090)
Number of CPUs detected in this system: 4
Turning on mult-threading, number of parallel sub-compilation jobs: 8 
Determining compilation order of HDL files
Analyzing Verilog file "C:/Users/AS/Desktop/VLSI project/ConditonalInverter/mux2_1.v" into library work
Analyzing Verilog file "C:/Users/AS/Desktop/VLSI project/ConditonalInverter/inverter.v" into library work
Analyzing Verilog file "C:/Users/AS/Desktop/VLSI project/ConditonalInverter/Cond_inv_module.v" into library work
Analyzing Verilog file "C:/Users/AS/Desktop/VLSI project/ConditonalInverter/Cond_inv_tb.v" into library work
Analyzing Verilog file "F:/Xilinx/14.5/ISE_DS/ISE//verilog/src/glbl.v" into library work
Starting static elaboration
Completed static elaboration
Compiling module inverter
Compiling module mux2_1
Compiling module Cond_inv_module
Compiling module Cond_inv_tb
Compiling module glbl
Time Resolution for simulation is 1ps.
Waiting for 1 sub-compilation(s) to finish...
Compiled 5 Verilog Units
Built simulation executable C:/Users/AS/Desktop/VLSI project/ConditonalInverter/Cond_inv_tb_isim_beh.exe
Fuse Memory Usage: 27348 KB
Fuse CPU Usage: 1512 ms
