Release 14.5 - xst P.58f (nt64)
Copyright (c) 1995-2012 Xilinx, Inc.  All rights reserved.
--> Parameter TMPDIR set to xst/projnav.tmp


Total REAL time to Xst completion: 0.00 secs
Total CPU time to Xst completion: 0.08 secs
 
--> Parameter xsthdpdir set to xst


Total REAL time to Xst completion: 0.00 secs
Total CPU time to Xst completion: 0.08 secs
 
--> Reading design: RegFile.prj

TABLE OF CONTENTS
  1) Synthesis Options Summary
  2) HDL Compilation
  3) Design Hierarchy Analysis
  4) HDL Analysis
  5) HDL Synthesis
     5.1) HDL Synthesis Report
  6) Advanced HDL Synthesis
     6.1) Advanced HDL Synthesis Report
  7) Low Level Synthesis
  8) Partition Report
  9) Final Report
	9.1) Device utilization summary
	9.2) Partition Resource Summary
	9.3) TIMING REPORT


=========================================================================
*                      Synthesis Options Summary                        *
=========================================================================
---- Source Parameters
Input File Name                    : "RegFile.prj"
Input Format                       : mixed
Ignore Synthesis Constraint File   : NO

---- Target Parameters
Output File Name                   : "RegFile"
Output Format                      : NGC
Target Device                      : xc3s50-4-pq208

---- Source Options
Top Module Name                    : RegFile
Automatic FSM Extraction           : YES
FSM Encoding Algorithm             : Auto
Safe Implementation                : No
FSM Style                          : LUT
RAM Extraction                     : Yes
RAM Style                          : Auto
ROM Extraction                     : Yes
Mux Style                          : Auto
Decoder Extraction                 : YES
Priority Encoder Extraction        : Yes
Shift Register Extraction          : YES
Logical Shifter Extraction         : YES
XOR Collapsing                     : YES
ROM Style                          : Auto
Mux Extraction                     : Yes
Resource Sharing                   : YES
Asynchronous To Synchronous        : NO
Multiplier Style                   : Auto
Automatic Register Balancing       : No

---- Target Options
Add IO Buffers                     : YES
Global Maximum Fanout              : 500
Add Generic Clock Buffer(BUFG)     : 8
Register Duplication               : YES
Slice Packing                      : YES
Optimize Instantiated Primitives   : NO
Use Clock Enable                   : Yes
Use Synchronous Set                : Yes
Use Synchronous Reset              : Yes
Pack IO Registers into IOBs        : Auto
Equivalent register Removal        : YES

---- General Options
Optimization Goal                  : Speed
Optimization Effort                : 1
Keep Hierarchy                     : No
Netlist Hierarchy                  : As_Optimized
RTL Output                         : Yes
Global Optimization                : AllClockNets
Read Cores                         : YES
Write Timing Constraints           : NO
Cross Clock Analysis               : NO
Hierarchy Separator                : /
Bus Delimiter                      : <>
Case Specifier                     : Maintain
Slice Utilization Ratio            : 100
BRAM Utilization Ratio             : 100
Verilog 2001                       : YES
Auto BRAM Packing                  : NO
Slice Utilization Ratio Delta      : 5

=========================================================================


=========================================================================
*                          HDL Compilation                              *
=========================================================================
Compiling verilog file "RegFile.v" in library work
Module <RegFile> compiled
No errors in compilation
Analysis of file <"RegFile.prj"> succeeded.
 

=========================================================================
*                     Design Hierarchy Analysis                         *
=========================================================================
Analyzing hierarchy for module <RegFile> in library <work>.


=========================================================================
*                            HDL Analysis                               *
=========================================================================
Analyzing top module <RegFile>.
Module <RegFile> is correct for synthesis.
 

=========================================================================
*                           HDL Synthesis                               *
=========================================================================

Performing bidirectional port resolution...

Synthesizing Unit <RegFile>.
    Related source file is "RegFile.v".
    Found 8x8-bit dual-port RAM <Mram_RAM> for signal <RAM>.
    Found 8x8-bit dual-port RAM <Mram_RAM_ren> for signal <RAM>.
WARNING:Xst:737 - Found 8-bit latch for signal <rd1>. Latches may be generated from incomplete case or if statements. We do not recommend the use of latches in FPGA/CPLD designs, as they may lead to timing problems.
    Summary:
	inferred   2 RAM(s).
Unit <RegFile> synthesized.


=========================================================================
HDL Synthesis Report

Macro Statistics
# RAMs                                                 : 2
 8x8-bit dual-port RAM                                 : 2
# Latches                                              : 1
 8-bit latch                                           : 1

=========================================================================

=========================================================================
*                       Advanced HDL Synthesis                          *
=========================================================================


Synthesizing (advanced) Unit <RegFile>.
INFO:Xst:3218 - HDL ADVISOR - The RAM <Mram_RAM> will be implemented on LUTs either because you have described an asynchronous read or because of currently unsupported block RAM features. If you have described an asynchronous read, making it synchronous would allow you to take advantage of available block RAM resources, for optimized device usage and improved timings. Please refer to your documentation for coding guidelines.
    -----------------------------------------------------------------------
    | ram_type           | Distributed                         |          |
    -----------------------------------------------------------------------
    | Port A                                                              |
    |     aspect ratio   | 8-word x 8-bit                      |          |
    |     clkA           | connected to signal <clk>           | rise     |
    |     weA            | connected to signal <regwrite>      | high     |
    |     addrA          | connected to signal <wa>            |          |
    |     diA            | connected to signal <wd>            |          |
    -----------------------------------------------------------------------
    | Port B                                                              |
    |     aspect ratio   | 8-word x 8-bit                      |          |
    |     addrB          | connected to signal <ra1>           |          |
    |     doB            | connected to internal node          |          |
    -----------------------------------------------------------------------
INFO:Xst:3218 - HDL ADVISOR - The RAM <Mram_RAM_ren> will be implemented on LUTs either because you have described an asynchronous read or because of currently unsupported block RAM features. If you have described an asynchronous read, making it synchronous would allow you to take advantage of available block RAM resources, for optimized device usage and improved timings. Please refer to your documentation for coding guidelines.
    -----------------------------------------------------------------------
    | ram_type           | Distributed                         |          |
    -----------------------------------------------------------------------
    | Port A                                                              |
    |     aspect ratio   | 8-word x 8-bit                      |          |
    |     clkA           | connected to signal <clk>           | rise     |
    |     weA            | connected to signal <regwrite>      | high     |
    |     addrA          | connected to signal <wa>            |          |
    |     diA            | connected to signal <wd>            |          |
    -----------------------------------------------------------------------
    | Port B                                                              |
    |     aspect ratio   | 8-word x 8-bit                      |          |
    |     addrB          | connected to signal <ra2>           |          |
    |     doB            | connected to internal node          |          |
    -----------------------------------------------------------------------
Unit <RegFile> synthesized (advanced).

=========================================================================
Advanced HDL Synthesis Report

Macro Statistics
# RAMs                                                 : 2
 8x8-bit dual-port distributed RAM                     : 2
# Latches                                              : 1
 8-bit latch                                           : 1

=========================================================================

=========================================================================
*                         Low Level Synthesis                           *
=========================================================================

Optimizing unit <RegFile> ...

Mapping all equations...
Building and optimizing final netlist ...
Found area constraint ratio of 100 (+ 5) on block RegFile, actual ratio is 3.

Final Macro Processing ...

=========================================================================
Final Register Report

Found no macro
=========================================================================

=========================================================================
*                           Partition Report                            *
=========================================================================

Partition Implementation Status
-------------------------------

  No Partitions were found in this design.

-------------------------------

=========================================================================
*                            Final Report                               *
=========================================================================
Final Results
RTL Top Level Output File Name     : RegFile.ngr
Top Level Output File Name         : RegFile
Output Format                      : NGC
Optimization Goal                  : Speed
Keep Hierarchy                     : No

Design Statistics
# IOs                              : 35

Cell Usage :
# BELS                             : 17
#      GND                         : 1
#      LUT4                        : 16
# FlipFlops/Latches                : 8
#      LD_1                        : 8
# RAMS                             : 16
#      RAM16X1D                    : 16
# Clock Buffers                    : 2
#      BUFG                        : 1
#      BUFGP                       : 1
# IO Buffers                       : 34
#      IBUF                        : 18
#      OBUF                        : 16
=========================================================================

Device utilization summary:
---------------------------

Selected Device : 3s50pq208-4 

 Number of Slices:                       25  out of    768     3%  
 Number of 4 input LUTs:                 48  out of   1536     3%  
    Number used as logic:                16
    Number used as RAMs:                 32
 Number of IOs:                          35
 Number of bonded IOBs:                  35  out of    124    28%  
    IOB Flip Flops:                       8
 Number of GCLKs:                         2  out of      8    25%  

---------------------------
Partition Resource Summary:
---------------------------

  No Partitions were found in this design.

---------------------------


=========================================================================
TIMING REPORT

NOTE: THESE TIMING NUMBERS ARE ONLY A SYNTHESIS ESTIMATE.
      FOR ACCURATE TIMING INFORMATION PLEASE REFER TO THE TRACE REPORT
      GENERATED AFTER PLACE-and-ROUTE.

Clock Information:
------------------
-----------------------------------+------------------------+-------+
Clock Signal                       | Clock buffer(FF name)  | Load  |
-----------------------------------+------------------------+-------+
clk                                | BUFGP                  | 16    |
regwrite                           | IBUF+BUFG              | 8     |
-----------------------------------+------------------------+-------+

Asynchronous Control Signals Information:
----------------------------------------
No asynchronous control signals found in this design

Timing Summary:
---------------
Speed Grade: -4

   Minimum period: No path found
   Minimum input arrival time before clock: 4.503ns
   Maximum output required time after clock: 9.920ns
   Maximum combinational path delay: 10.745ns

Timing Detail:
--------------
All values displayed in nanoseconds (ns)

=========================================================================
Timing constraint: Default OFFSET IN BEFORE for Clock 'clk'
  Total number of paths / destination ports: 128 / 128
-------------------------------------------------------------------------
Offset:              2.766ns (Levels of Logic = 1)
  Source:            wa<0> (PAD)
  Destination:       Mram_RAM2 (RAM)
  Destination Clock: clk rising

  Data Path: wa<0> to Mram_RAM2
                                Gate     Net
    Cell:in->out      fanout   Delay   Delay  Logical Name (Net Name)
    ----------------------------------------  ------------
     IBUF:I->O            48   0.821   1.945  wa_0_IBUF (wa_0_IBUF)
     RAM16X1D:A0               0.000          Mram_RAM2
    ----------------------------------------
    Total                      2.766ns (0.821ns logic, 1.945ns route)
                                       (29.7% logic, 70.3% route)

=========================================================================
Timing constraint: Default OFFSET IN BEFORE for Clock 'regwrite'
  Total number of paths / destination ports: 48 / 8
-------------------------------------------------------------------------
Offset:              4.503ns (Levels of Logic = 3)
  Source:            ra1<0> (PAD)
  Destination:       rd1_0 (LATCH)
  Destination Clock: regwrite rising

  Data Path: ra1<0> to rd1_0
                                Gate     Net
    Cell:in->out      fanout   Delay   Delay  Logical Name (Net Name)
    ----------------------------------------  ------------
     IBUF:I->O            16   0.821   1.237  ra1_0_IBUF (ra1_0_IBUF)
     RAM16X1D:DPRA0->DPO    1   0.551   1.140  Mram_RAM2 (_varindex0000<1>)
     LUT4:I0->O            1   0.551   0.000  rd1_mux0000<1>1 (rd1_mux0000<1>)
     LD_1:D                    0.203          rd1_1
    ----------------------------------------
    Total                      4.503ns (2.126ns logic, 2.377ns route)
                                       (47.2% logic, 52.8% route)

=========================================================================
Timing constraint: Default OFFSET OUT AFTER for Clock 'regwrite'
  Total number of paths / destination ports: 8 / 8
-------------------------------------------------------------------------
Offset:              7.078ns (Levels of Logic = 1)
  Source:            rd1_7 (LATCH)
  Destination:       rd1<7> (PAD)
  Source Clock:      regwrite rising

  Data Path: rd1_7 to rd1<7>
                                Gate     Net
    Cell:in->out      fanout   Delay   Delay  Logical Name (Net Name)
    ----------------------------------------  ------------
     LD_1:G->Q             1   0.633   0.801  rd1_7 (rd1_7)
     OBUF:I->O                 5.644          rd1_7_OBUF (rd1<7>)
    ----------------------------------------
    Total                      7.078ns (6.277ns logic, 0.801ns route)
                                       (88.7% logic, 11.3% route)

=========================================================================
Timing constraint: Default OFFSET OUT AFTER for Clock 'clk'
  Total number of paths / destination ports: 8 / 8
-------------------------------------------------------------------------
Offset:              9.920ns (Levels of Logic = 2)
  Source:            Mram_RAM_ren8 (RAM)
  Destination:       rd2<7> (PAD)
  Source Clock:      clk rising

  Data Path: Mram_RAM_ren8 to rd2<7>
                                Gate     Net
    Cell:in->out      fanout   Delay   Delay  Logical Name (Net Name)
    ----------------------------------------  ------------
     RAM16X1D:WCLK->DPO    1   1.784   1.140  Mram_RAM_ren8 (_varindex0001<7>)
     LUT4:I0->O            1   0.551   0.801  rd2<7>1 (rd2_7_OBUF)
     OBUF:I->O                 5.644          rd2_7_OBUF (rd2<7>)
    ----------------------------------------
    Total                      9.920ns (7.979ns logic, 1.941ns route)
                                       (80.4% logic, 19.6% route)

=========================================================================
Timing constraint: Default path analysis
  Total number of paths / destination ports: 48 / 8
-------------------------------------------------------------------------
Delay:               10.745ns (Levels of Logic = 4)
  Source:            ra2<0> (PAD)
  Destination:       rd2<7> (PAD)

  Data Path: ra2<0> to rd2<7>
                                Gate     Net
    Cell:in->out      fanout   Delay   Delay  Logical Name (Net Name)
    ----------------------------------------  ------------
     IBUF:I->O            16   0.821   1.237  ra2_0_IBUF (ra2_0_IBUF)
     RAM16X1D:DPRA0->DPO    1   0.551   1.140  Mram_RAM_ren1 (_varindex0001<0>)
     LUT4:I0->O            1   0.551   0.801  rd2<0>1 (rd2_0_OBUF)
     OBUF:I->O                 5.644          rd2_0_OBUF (rd2<0>)
    ----------------------------------------
    Total                     10.745ns (7.567ns logic, 3.178ns route)
                                       (70.4% logic, 29.6% route)

=========================================================================


Total REAL time to Xst completion: 6.00 secs
Total CPU time to Xst completion: 5.98 secs
 
--> 

Total memory usage is 232224 kilobytes

Number of errors   :    0 (   0 filtered)
Number of warnings :    1 (   0 filtered)
Number of infos    :    2 (   0 filtered)

