--------------------------------------------------------------------------------
Release 14.5 Trace  (nt64)
Copyright (c) 1995-2012 Xilinx, Inc.  All rights reserved.

E:\Xilinx\14.5\ISE_DS\ISE\bin\nt64\unwrapped\trce.exe -intstyle ise -v 3 -s 3
-n 3 -fastpaths -xml Adder.twx Adder.ncd -o Adder.twr Adder.pcf

Design file:              Adder.ncd
Physical constraint file: Adder.pcf
Device,package,speed:     xc7a100t,csg324,C,-3 (PRODUCTION 1.08 2013-03-26)
Report level:             verbose report

Environment Variable      Effect 
--------------------      ------ 
NONE                      No environment variables were set
--------------------------------------------------------------------------------

INFO:Timing:2698 - No timing constraints found, doing default enumeration.
INFO:Timing:3412 - To improve timing, see the Timing Closure User Guide (UG612).
INFO:Timing:2752 - To get complete path coverage, use the unconstrained paths 
   option. All paths that are not constrained will be reported in the 
   unconstrained paths section(s) of the report.
INFO:Timing:3339 - The clock-to-out numbers in this timing report are based on 
   a 50 Ohm transmission line loading model.  For the details of this model, 
   and for more information on accounting for different loading conditions, 
   please see the device datasheet.



Data Sheet report:
-----------------
All values displayed in nanoseconds (ns)

Pad to Pad
---------------+---------------+---------+
Source Pad     |Destination Pad|  Delay  |
---------------+---------------+---------+
a<0>           |y<0>           |    5.827|
a<0>           |y<1>           |    5.931|
a<0>           |y<2>           |    6.129|
a<0>           |y<3>           |    6.113|
a<0>           |y<4>           |    6.344|
a<0>           |y<5>           |    6.363|
a<0>           |y<6>           |    6.206|
a<0>           |y<7>           |    6.261|
a<1>           |y<1>           |    5.599|
a<1>           |y<2>           |    5.956|
a<1>           |y<3>           |    5.940|
a<1>           |y<4>           |    6.163|
a<1>           |y<5>           |    6.182|
a<1>           |y<6>           |    6.025|
a<1>           |y<7>           |    6.080|
a<2>           |y<2>           |    5.616|
a<2>           |y<3>           |    5.733|
a<2>           |y<4>           |    5.992|
a<2>           |y<5>           |    6.011|
a<2>           |y<6>           |    5.854|
a<2>           |y<7>           |    5.909|
a<3>           |y<3>           |    5.595|
a<3>           |y<4>           |    6.021|
a<3>           |y<5>           |    6.040|
a<3>           |y<6>           |    5.883|
a<3>           |y<7>           |    5.938|
a<4>           |y<4>           |    5.908|
a<4>           |y<5>           |    5.972|
a<4>           |y<6>           |    5.968|
a<4>           |y<7>           |    6.015|
a<5>           |y<5>           |    5.674|
a<5>           |y<6>           |    5.829|
a<5>           |y<7>           |    5.876|
a<6>           |y<6>           |    5.900|
a<6>           |y<7>           |    5.980|
a<7>           |y<7>           |    5.782|
b<0>           |y<0>           |    5.548|
b<0>           |y<1>           |    5.652|
b<0>           |y<2>           |    5.850|
b<0>           |y<3>           |    5.834|
b<0>           |y<4>           |    6.065|
b<0>           |y<5>           |    6.084|
b<0>           |y<6>           |    5.927|
b<0>           |y<7>           |    5.982|
b<1>           |y<1>           |    5.675|
b<1>           |y<2>           |    6.032|
b<1>           |y<3>           |    6.016|
b<1>           |y<4>           |    6.239|
b<1>           |y<5>           |    6.258|
b<1>           |y<6>           |    6.101|
b<1>           |y<7>           |    6.156|
b<2>           |y<2>           |    5.866|
b<2>           |y<3>           |    5.883|
b<2>           |y<4>           |    6.205|
b<2>           |y<5>           |    6.224|
b<2>           |y<6>           |    6.067|
b<2>           |y<7>           |    6.122|
b<3>           |y<3>           |    5.903|
b<3>           |y<4>           |    6.303|
b<3>           |y<5>           |    6.322|
b<3>           |y<6>           |    6.165|
b<3>           |y<7>           |    6.220|
b<4>           |y<4>           |    5.737|
b<4>           |y<5>           |    5.801|
b<4>           |y<6>           |    5.797|
b<4>           |y<7>           |    5.844|
b<5>           |y<5>           |    6.099|
b<5>           |y<6>           |    6.254|
b<5>           |y<7>           |    6.301|
b<6>           |y<6>           |    5.901|
b<6>           |y<7>           |    5.981|
b<7>           |y<7>           |    5.907|
cin            |y<0>           |    5.474|
cin            |y<1>           |    5.537|
cin            |y<2>           |    5.638|
cin            |y<3>           |    5.627|
cin            |y<4>           |    5.869|
cin            |y<5>           |    5.888|
cin            |y<6>           |    5.731|
cin            |y<7>           |    5.786|
---------------+---------------+---------+


Analysis completed Thu Aug 31 15:01:54 2017 
--------------------------------------------------------------------------------

Trace Settings:
-------------------------
Trace Settings 

Peak Memory Usage: 610 MB



