Release 14.5 - xst P.58f (nt64)
Copyright (c) 1995-2012 Xilinx, Inc.  All rights reserved.
--> Parameter TMPDIR set to xst/projnav.tmp


Total REAL time to Xst completion: 0.00 secs
Total CPU time to Xst completion: 0.14 secs
 
--> Parameter xsthdpdir set to xst


Total REAL time to Xst completion: 0.00 secs
Total CPU time to Xst completion: 0.14 secs
 
--> Reading design: statelogic.prj

TABLE OF CONTENTS
  1) Synthesis Options Summary
  2) HDL Compilation
  3) Design Hierarchy Analysis
  4) HDL Analysis
  5) HDL Synthesis
     5.1) HDL Synthesis Report
  6) Advanced HDL Synthesis
     6.1) Advanced HDL Synthesis Report
  7) Low Level Synthesis
  8) Partition Report
  9) Final Report
	9.1) Device utilization summary
	9.2) Partition Resource Summary
	9.3) TIMING REPORT


=========================================================================
*                      Synthesis Options Summary                        *
=========================================================================
---- Source Parameters
Input File Name                    : "statelogic.prj"
Input Format                       : mixed
Ignore Synthesis Constraint File   : NO

---- Target Parameters
Output File Name                   : "statelogic"
Output Format                      : NGC
Target Device                      : xc3s50a-5-tq144

---- Source Options
Top Module Name                    : statelogic
Automatic FSM Extraction           : YES
FSM Encoding Algorithm             : Auto
Safe Implementation                : No
FSM Style                          : LUT
RAM Extraction                     : Yes
RAM Style                          : Auto
ROM Extraction                     : Yes
Mux Style                          : Auto
Decoder Extraction                 : YES
Priority Encoder Extraction        : Yes
Shift Register Extraction          : YES
Logical Shifter Extraction         : YES
XOR Collapsing                     : YES
ROM Style                          : Auto
Mux Extraction                     : Yes
Resource Sharing                   : YES
Asynchronous To Synchronous        : NO
Multiplier Style                   : Auto
Automatic Register Balancing       : No

---- Target Options
Add IO Buffers                     : YES
Global Maximum Fanout              : 100000
Add Generic Clock Buffer(BUFG)     : 24
Register Duplication               : YES
Slice Packing                      : YES
Optimize Instantiated Primitives   : NO
Use Clock Enable                   : Yes
Use Synchronous Set                : Yes
Use Synchronous Reset              : Yes
Pack IO Registers into IOBs        : Auto
Equivalent register Removal        : YES

---- General Options
Optimization Goal                  : Speed
Optimization Effort                : 1
Keep Hierarchy                     : No
Netlist Hierarchy                  : As_Optimized
RTL Output                         : Yes
Global Optimization                : AllClockNets
Read Cores                         : YES
Write Timing Constraints           : NO
Cross Clock Analysis               : NO
Hierarchy Separator                : /
Bus Delimiter                      : <>
Case Specifier                     : Maintain
Slice Utilization Ratio            : 100
BRAM Utilization Ratio             : 100
Verilog 2001                       : YES
Auto BRAM Packing                  : NO
Slice Utilization Ratio Delta      : 5

=========================================================================


=========================================================================
*                          HDL Compilation                              *
=========================================================================
Compiling verilog file "statelogic.v" in library work
Module <statelogic> compiled
No errors in compilation
Analysis of file <"statelogic.prj"> succeeded.
 

=========================================================================
*                     Design Hierarchy Analysis                         *
=========================================================================
Analyzing hierarchy for module <statelogic> in library <work> with parameters.
	BEQ = "00000000000000000000000000000100"
	BEQEX = "00000000000000000000000000001011"
	DECODE = "00000000000000000000000000000100"
	FETCH1 = "00000000000000000000000000000000"
	FETCH2 = "00000000000000000000000000000001"
	FETCH3 = "00000000000000000000000000000010"
	FETCH4 = "00000000000000000000000000000011"
	J = "00000000000000000000000000000010"
	JEX = "00000000000000000000000000001100"
	LB = "100000"
	LBRD = "00000000000000000000000000000111"
	LBWR = "00000000000000000000000000001000"
	MEMADR = "00000000000000000000000000000110"
	RTYPE = "00000000000000000000000000000000"
	RTYPEEX = "00000000000000000000000000000101"
	RTYPEWR = "00000000000000000000000000001010"
	SB = "101000"
	SBWR = "00000000000000000000000000001001"


=========================================================================
*                            HDL Analysis                               *
=========================================================================
Analyzing top module <statelogic>.
	BEQ = 32'sb00000000000000000000000000000100
	BEQEX = 32'sb00000000000000000000000000001011
	DECODE = 32'sb00000000000000000000000000000100
	FETCH1 = 32'sb00000000000000000000000000000000
	FETCH2 = 32'sb00000000000000000000000000000001
	FETCH3 = 32'sb00000000000000000000000000000010
	FETCH4 = 32'sb00000000000000000000000000000011
	J = 32'sb00000000000000000000000000000010
	JEX = 32'sb00000000000000000000000000001100
	LB = 6'b100000
	LBRD = 32'sb00000000000000000000000000000111
	LBWR = 32'sb00000000000000000000000000001000
	MEMADR = 32'sb00000000000000000000000000000110
	RTYPE = 32'sb00000000000000000000000000000000
	RTYPEEX = 32'sb00000000000000000000000000000101
	RTYPEWR = 32'sb00000000000000000000000000001010
	SB = 6'b101000
	SBWR = 32'sb00000000000000000000000000001001
Module <statelogic> is correct for synthesis.
 

=========================================================================
*                           HDL Synthesis                               *
=========================================================================

Performing bidirectional port resolution...

Synthesizing Unit <statelogic>.
    Related source file is "statelogic.v".
    Found 4-bit register for signal <state>.
    Summary:
	inferred   4 D-type flip-flop(s).
Unit <statelogic> synthesized.


=========================================================================
HDL Synthesis Report

Macro Statistics
# Registers                                            : 1
 4-bit register                                        : 1

=========================================================================

=========================================================================
*                       Advanced HDL Synthesis                          *
=========================================================================


=========================================================================
Advanced HDL Synthesis Report

Macro Statistics
# Registers                                            : 4
 Flip-Flops                                            : 4

=========================================================================

=========================================================================
*                         Low Level Synthesis                           *
=========================================================================

Optimizing unit <statelogic> ...

Mapping all equations...
Building and optimizing final netlist ...
Found area constraint ratio of 100 (+ 5) on block statelogic, actual ratio is 1.

Final Macro Processing ...

=========================================================================
Final Register Report

Macro Statistics
# Registers                                            : 4
 Flip-Flops                                            : 4

=========================================================================

=========================================================================
*                           Partition Report                            *
=========================================================================

Partition Implementation Status
-------------------------------

  No Partitions were found in this design.

-------------------------------

=========================================================================
*                            Final Report                               *
=========================================================================
Final Results
RTL Top Level Output File Name     : statelogic.ngr
Top Level Output File Name         : statelogic
Output Format                      : NGC
Optimization Goal                  : Speed
Keep Hierarchy                     : No

Design Statistics
# IOs                              : 12

Cell Usage :
# BELS                             : 17
#      LUT2_L                      : 1
#      LUT3                        : 5
#      LUT4                        : 9
#      LUT4_D                      : 1
#      LUT4_L                      : 1
# FlipFlops/Latches                : 4
#      FDR                         : 1
#      FDRS                        : 3
# Clock Buffers                    : 1
#      BUFGP                       : 1
# IO Buffers                       : 11
#      IBUF                        : 7
#      OBUF                        : 4
=========================================================================

Device utilization summary:
---------------------------

Selected Device : 3s50atq144-5 

 Number of Slices:                        9  out of    704     1%  
 Number of Slice Flip Flops:              4  out of   1408     0%  
 Number of 4 input LUTs:                 17  out of   1408     1%  
 Number of IOs:                          12
 Number of bonded IOBs:                  12  out of    108    11%  
 Number of GCLKs:                         1  out of     24     4%  

---------------------------
Partition Resource Summary:
---------------------------

  No Partitions were found in this design.

---------------------------


=========================================================================
TIMING REPORT

NOTE: THESE TIMING NUMBERS ARE ONLY A SYNTHESIS ESTIMATE.
      FOR ACCURATE TIMING INFORMATION PLEASE REFER TO THE TRACE REPORT
      GENERATED AFTER PLACE-and-ROUTE.

Clock Information:
------------------
-----------------------------------+------------------------+-------+
Clock Signal                       | Clock buffer(FF name)  | Load  |
-----------------------------------+------------------------+-------+
clk                                | BUFGP                  | 4     |
-----------------------------------+------------------------+-------+

Asynchronous Control Signals Information:
----------------------------------------
No asynchronous control signals found in this design

Timing Summary:
---------------
Speed Grade: -5

   Minimum period: 2.863ns (Maximum Frequency: 349.308MHz)
   Minimum input arrival time before clock: 4.270ns
   Maximum output required time after clock: 5.493ns
   Maximum combinational path delay: No path found

Timing Detail:
--------------
All values displayed in nanoseconds (ns)

=========================================================================
Timing constraint: Default period analysis for Clock 'clk'
  Clock period: 2.863ns (frequency: 349.308MHz)
  Total number of paths / destination ports: 26 / 7
-------------------------------------------------------------------------
Delay:               2.863ns (Levels of Logic = 2)
  Source:            state_0 (FF)
  Destination:       state_1 (FF)
  Source Clock:      clk rising
  Destination Clock: clk rising

  Data Path: state_0 to state_1
                                Gate     Net
    Cell:in->out      fanout   Delay   Delay  Logical Name (Net Name)
    ----------------------------------------  ------------
     FDR:C->Q              7   0.495   0.625  state_0 (state_0)
     LUT4:I2->O            1   0.561   0.423  nextstate<1>22 (nextstate<1>22)
     LUT3:I1->O            1   0.562   0.000  nextstate<1>731 (nextstate<1>73)
     FDRS:D                    0.197          state_1
    ----------------------------------------
    Total                      2.863ns (1.815ns logic, 1.048ns route)
                                       (63.4% logic, 36.6% route)

=========================================================================
Timing constraint: Default OFFSET IN BEFORE for Clock 'clk'
  Total number of paths / destination ports: 35 / 8
-------------------------------------------------------------------------
Offset:              4.270ns (Levels of Logic = 4)
  Source:            op<5> (PAD)
  Destination:       state_1 (FF)
  Destination Clock: clk rising

  Data Path: op<5> to state_1
                                Gate     Net
    Cell:in->out      fanout   Delay   Delay  Logical Name (Net Name)
    ----------------------------------------  ------------
     IBUF:I->O             6   0.824   0.677  op_5_IBUF (op_5_IBUF)
     LUT3:I0->O            1   0.561   0.465  nextstate<1>22_SW0 (N14)
     LUT4:I0->O            1   0.561   0.423  nextstate<1>22 (nextstate<1>22)
     LUT3:I1->O            1   0.562   0.000  nextstate<1>731 (nextstate<1>73)
     FDRS:D                    0.197          state_1
    ----------------------------------------
    Total                      4.270ns (2.705ns logic, 1.565ns route)
                                       (63.4% logic, 36.6% route)

=========================================================================
Timing constraint: Default OFFSET OUT AFTER for Clock 'clk'
  Total number of paths / destination ports: 4 / 4
-------------------------------------------------------------------------
Offset:              5.493ns (Levels of Logic = 1)
  Source:            state_1 (FF)
  Destination:       state<1> (PAD)
  Source Clock:      clk rising

  Data Path: state_1 to state<1>
                                Gate     Net
    Cell:in->out      fanout   Delay   Delay  Logical Name (Net Name)
    ----------------------------------------  ------------
     FDRS:C->Q             7   0.495   0.602  state_1 (state_1)
     OBUF:I->O                 4.396          state_1_OBUF (state<1>)
    ----------------------------------------
    Total                      5.493ns (4.891ns logic, 0.602ns route)
                                       (89.0% logic, 11.0% route)

=========================================================================


Total REAL time to Xst completion: 5.00 secs
Total CPU time to Xst completion: 5.58 secs
 
--> 

Total memory usage is 255204 kilobytes

Number of errors   :    0 (   0 filtered)
Number of warnings :    0 (   0 filtered)
Number of infos    :    0 (   0 filtered)

