Release 14.5 - xst P.58f (nt64)
Copyright (c) 1995-2012 Xilinx, Inc.  All rights reserved.
--> Parameter TMPDIR set to xst/projnav.tmp


Total REAL time to Xst completion: 0.00 secs
Total CPU time to Xst completion: 0.13 secs
 
--> Parameter xsthdpdir set to xst


Total REAL time to Xst completion: 0.00 secs
Total CPU time to Xst completion: 0.13 secs
 
--> Reading design: controller.prj

TABLE OF CONTENTS
  1) Synthesis Options Summary
  2) HDL Compilation
  3) Design Hierarchy Analysis
  4) HDL Analysis
  5) HDL Synthesis
     5.1) HDL Synthesis Report
  6) Advanced HDL Synthesis
     6.1) Advanced HDL Synthesis Report
  7) Low Level Synthesis
  8) Partition Report
  9) Final Report
	9.1) Device utilization summary
	9.2) Partition Resource Summary
	9.3) TIMING REPORT


=========================================================================
*                      Synthesis Options Summary                        *
=========================================================================
---- Source Parameters
Input File Name                    : "controller.prj"
Input Format                       : mixed
Ignore Synthesis Constraint File   : NO

---- Target Parameters
Output File Name                   : "controller"
Output Format                      : NGC
Target Device                      : xc3s50a-5-tq144

---- Source Options
Top Module Name                    : controller
Automatic FSM Extraction           : YES
FSM Encoding Algorithm             : Auto
Safe Implementation                : No
FSM Style                          : LUT
RAM Extraction                     : Yes
RAM Style                          : Auto
ROM Extraction                     : Yes
Mux Style                          : Auto
Decoder Extraction                 : YES
Priority Encoder Extraction        : Yes
Shift Register Extraction          : YES
Logical Shifter Extraction         : YES
XOR Collapsing                     : YES
ROM Style                          : Auto
Mux Extraction                     : Yes
Resource Sharing                   : YES
Asynchronous To Synchronous        : NO
Multiplier Style                   : Auto
Automatic Register Balancing       : No

---- Target Options
Add IO Buffers                     : YES
Global Maximum Fanout              : 500
Add Generic Clock Buffer(BUFG)     : 24
Register Duplication               : YES
Slice Packing                      : YES
Optimize Instantiated Primitives   : NO
Use Clock Enable                   : Yes
Use Synchronous Set                : Yes
Use Synchronous Reset              : Yes
Pack IO Registers into IOBs        : Auto
Equivalent register Removal        : YES

---- General Options
Optimization Goal                  : Speed
Optimization Effort                : 1
Keep Hierarchy                     : No
Netlist Hierarchy                  : As_Optimized
RTL Output                         : Yes
Global Optimization                : AllClockNets
Read Cores                         : YES
Write Timing Constraints           : NO
Cross Clock Analysis               : NO
Hierarchy Separator                : /
Bus Delimiter                      : <>
Case Specifier                     : Maintain
Slice Utilization Ratio            : 100
BRAM Utilization Ratio             : 100
Verilog 2001                       : YES
Auto BRAM Packing                  : NO
Slice Utilization Ratio Delta      : 5

=========================================================================


=========================================================================
*                          HDL Compilation                              *
=========================================================================
Compiling verilog file "statelogic.v" in library work
Compiling verilog file "outputlogic.v" in library work
Module <statelogic> compiled
Compiling verilog file "aludec.v" in library work
Module <outputlogic> compiled
Compiling verilog file "controller.v" in library work
Module <aludec> compiled
Module <controller> compiled
No errors in compilation
Analysis of file <"controller.prj"> succeeded.
 

=========================================================================
*                     Design Hierarchy Analysis                         *
=========================================================================
Analyzing hierarchy for module <controller> in library <work>.

Analyzing hierarchy for module <statelogic> in library <work> with parameters.
	BEQ = "00000000000000000000000000000100"
	BEQEX = "00000000000000000000000000001011"
	DECODE = "00000000000000000000000000000100"
	FETCH1 = "00000000000000000000000000000000"
	FETCH2 = "00000000000000000000000000000001"
	FETCH3 = "00000000000000000000000000000010"
	FETCH4 = "00000000000000000000000000000011"
	J = "00000000000000000000000000000010"
	JEX = "00000000000000000000000000001100"
	LB = "100000"
	LBRD = "00000000000000000000000000000111"
	LBWR = "00000000000000000000000000001000"
	MEMADR = "00000000000000000000000000000110"
	RTYPE = "00000000000000000000000000000000"
	RTYPEEX = "00000000000000000000000000000101"
	RTYPEWR = "00000000000000000000000000001010"
	SB = "101000"
	SBWR = "00000000000000000000000000001001"

Analyzing hierarchy for module <outputlogic> in library <work> with parameters.
	BEQEX = "00000000000000000000000000001011"
	DECODE = "00000000000000000000000000000100"
	FETCH1 = "00000000000000000000000000000000"
	FETCH2 = "00000000000000000000000000000001"
	FETCH3 = "00000000000000000000000000000010"
	FETCH4 = "00000000000000000000000000000011"
	JEX = "00000000000000000000000000001100"
	LBRD = "00000000000000000000000000000110"
	LBWR = "00000000000000000000000000000111"
	MEMADR = "00000000000000000000000000000101"
	RTYPEEX = "00000000000000000000000000001001"
	RTYPEWR = "00000000000000000000000000001010"
	SBWR = "00000000000000000000000000001000"

Analyzing hierarchy for module <aludec> in library <work>.


=========================================================================
*                            HDL Analysis                               *
=========================================================================
Analyzing top module <controller>.
Module <controller> is correct for synthesis.
 
Analyzing module <statelogic> in library <work>.
	BEQ = 32'sb00000000000000000000000000000100
	BEQEX = 32'sb00000000000000000000000000001011
	DECODE = 32'sb00000000000000000000000000000100
	FETCH1 = 32'sb00000000000000000000000000000000
	FETCH2 = 32'sb00000000000000000000000000000001
	FETCH3 = 32'sb00000000000000000000000000000010
	FETCH4 = 32'sb00000000000000000000000000000011
	J = 32'sb00000000000000000000000000000010
	JEX = 32'sb00000000000000000000000000001100
	LB = 6'b100000
	LBRD = 32'sb00000000000000000000000000000111
	LBWR = 32'sb00000000000000000000000000001000
	MEMADR = 32'sb00000000000000000000000000000110
	RTYPE = 32'sb00000000000000000000000000000000
	RTYPEEX = 32'sb00000000000000000000000000000101
	RTYPEWR = 32'sb00000000000000000000000000001010
	SB = 6'b101000
	SBWR = 32'sb00000000000000000000000000001001
Module <statelogic> is correct for synthesis.
 
Analyzing module <outputlogic> in library <work>.
	BEQEX = 32'sb00000000000000000000000000001011
	DECODE = 32'sb00000000000000000000000000000100
	FETCH1 = 32'sb00000000000000000000000000000000
	FETCH2 = 32'sb00000000000000000000000000000001
	FETCH3 = 32'sb00000000000000000000000000000010
	FETCH4 = 32'sb00000000000000000000000000000011
	JEX = 32'sb00000000000000000000000000001100
	LBRD = 32'sb00000000000000000000000000000110
	LBWR = 32'sb00000000000000000000000000000111
	MEMADR = 32'sb00000000000000000000000000000101
	RTYPEEX = 32'sb00000000000000000000000000001001
	RTYPEWR = 32'sb00000000000000000000000000001010
	SBWR = 32'sb00000000000000000000000000001000
Module <outputlogic> is correct for synthesis.
 
Analyzing module <aludec> in library <work>.
Module <aludec> is correct for synthesis.
 

=========================================================================
*                           HDL Synthesis                               *
=========================================================================

Performing bidirectional port resolution...

Synthesizing Unit <statelogic>.
    Related source file is "statelogic.v".
    Found 4-bit register for signal <state>.
    Summary:
	inferred   4 D-type flip-flop(s).
Unit <statelogic> synthesized.


Synthesizing Unit <outputlogic>.
    Related source file is "outputlogic.v".
Unit <outputlogic> synthesized.


Synthesizing Unit <aludec>.
    Related source file is "aludec.v".
Unit <aludec> synthesized.


Synthesizing Unit <controller>.
    Related source file is "controller.v".
WARNING:Xst:647 - Input <op> is never used. This port will be preserved and left unconnected if it belongs to a top-level block or it belongs to a sub-block and the hierarchy of this sub-block is preserved.
WARNING:Xst:646 - Signal <state<5:4>> is assigned but never used. This unconnected signal will be trimmed during the optimization process.
WARNING:Xst:653 - Signal <opcode> is used but never assigned. This sourceless signal will be automatically connected to value 0.
Unit <controller> synthesized.


=========================================================================
HDL Synthesis Report

Macro Statistics
# Registers                                            : 1
 4-bit register                                        : 1

=========================================================================

=========================================================================
*                       Advanced HDL Synthesis                          *
=========================================================================


=========================================================================
Advanced HDL Synthesis Report

Macro Statistics
# Registers                                            : 4
 Flip-Flops                                            : 4

=========================================================================

=========================================================================
*                         Low Level Synthesis                           *
=========================================================================

Optimizing unit <controller> ...

Optimizing unit <statelogic> ...

Mapping all equations...
Building and optimizing final netlist ...
Found area constraint ratio of 100 (+ 5) on block controller, actual ratio is 2.
FlipFlop statelog/state_0 has been replicated 1 time(s)
FlipFlop statelog/state_1 has been replicated 1 time(s)

Final Macro Processing ...

=========================================================================
Final Register Report

Macro Statistics
# Registers                                            : 6
 Flip-Flops                                            : 6

=========================================================================

=========================================================================
*                           Partition Report                            *
=========================================================================

Partition Implementation Status
-------------------------------

  No Partitions were found in this design.

-------------------------------

=========================================================================
*                            Final Report                               *
=========================================================================
Final Results
RTL Top Level Output File Name     : controller.ngr
Top Level Output File Name         : controller
Output Format                      : NGC
Optimization Goal                  : Speed
Keep Hierarchy                     : No

Design Statistics
# IOs                              : 34

Cell Usage :
# BELS                             : 30
#      LUT3                        : 2
#      LUT4                        : 27
#      MUXF5                       : 1
# FlipFlops/Latches                : 6
#      FDR                         : 6
# Clock Buffers                    : 1
#      BUFGP                       : 1
# IO Buffers                       : 27
#      IBUF                        : 8
#      OBUF                        : 19
=========================================================================

Device utilization summary:
---------------------------

Selected Device : 3s50atq144-5 

 Number of Slices:                       16  out of    704     2%  
 Number of Slice Flip Flops:              6  out of   1408     0%  
 Number of 4 input LUTs:                 29  out of   1408     2%  
 Number of IOs:                          34
 Number of bonded IOBs:                  28  out of    108    25%  
 Number of GCLKs:                         1  out of     24     4%  

---------------------------
Partition Resource Summary:
---------------------------

  No Partitions were found in this design.

---------------------------


=========================================================================
TIMING REPORT

NOTE: THESE TIMING NUMBERS ARE ONLY A SYNTHESIS ESTIMATE.
      FOR ACCURATE TIMING INFORMATION PLEASE REFER TO THE TRACE REPORT
      GENERATED AFTER PLACE-and-ROUTE.

Clock Information:
------------------
-----------------------------------+------------------------+-------+
Clock Signal                       | Clock buffer(FF name)  | Load  |
-----------------------------------+------------------------+-------+
clk                                | BUFGP                  | 6     |
-----------------------------------+------------------------+-------+

Asynchronous Control Signals Information:
----------------------------------------
No asynchronous control signals found in this design

Timing Summary:
---------------
Speed Grade: -5

   Minimum period: 2.342ns (Maximum Frequency: 427.040MHz)
   Minimum input arrival time before clock: 1.828ns
   Maximum output required time after clock: 7.988ns
   Maximum combinational path delay: 8.643ns

Timing Detail:
--------------
All values displayed in nanoseconds (ns)

=========================================================================
Timing constraint: Default period analysis for Clock 'clk'
  Clock period: 2.342ns (frequency: 427.040MHz)
  Total number of paths / destination ports: 23 / 6
-------------------------------------------------------------------------
Delay:               2.342ns (Levels of Logic = 1)
  Source:            statelog/state_3 (FF)
  Destination:       statelog/state_3 (FF)
  Source Clock:      clk rising
  Destination Clock: clk rising

  Data Path: statelog/state_3 to statelog/state_3
                                Gate     Net
    Cell:in->out      fanout   Delay   Delay  Logical Name (Net Name)
    ----------------------------------------  ------------
     FDR:C->Q             23   0.495   1.088  statelog/state_3 (statelog/state_3)
     LUT4:I1->O            2   0.562   0.000  statelog/nextstate<0>1 (statelog/nextstate<0>)
     FDR:D                     0.197          statelog/state_0
    ----------------------------------------
    Total                      2.342ns (1.254ns logic, 1.088ns route)
                                       (53.6% logic, 46.4% route)

=========================================================================
Timing constraint: Default OFFSET IN BEFORE for Clock 'clk'
  Total number of paths / destination ports: 6 / 6
-------------------------------------------------------------------------
Offset:              1.828ns (Levels of Logic = 1)
  Source:            reset (PAD)
  Destination:       statelog/state_3 (FF)
  Destination Clock: clk rising

  Data Path: reset to statelog/state_3
                                Gate     Net
    Cell:in->out      fanout   Delay   Delay  Logical Name (Net Name)
    ----------------------------------------  ------------
     IBUF:I->O             6   0.824   0.569  reset_IBUF (reset_IBUF)
     FDR:R                     0.435          statelog/state_0
    ----------------------------------------
    Total                      1.828ns (1.259ns logic, 0.569ns route)
                                       (68.9% logic, 31.1% route)

=========================================================================
Timing constraint: Default OFFSET OUT AFTER for Clock 'clk'
  Total number of paths / destination ports: 79 / 19
-------------------------------------------------------------------------
Offset:              7.988ns (Levels of Logic = 3)
  Source:            statelog/state_3 (FF)
  Destination:       aluCtrl<0> (PAD)
  Source Clock:      clk rising

  Data Path: statelog/state_3 to aluCtrl<0>
                                Gate     Net
    Cell:in->out      fanout   Delay   Delay  Logical Name (Net Name)
    ----------------------------------------  ------------
     FDR:C->Q             23   0.495   1.130  statelog/state_3 (statelog/state_3)
     LUT4:I0->O            2   0.561   0.488  out/aluop<1>1 (aluop<1>)
     LUT4:I0->O            1   0.561   0.357  ad/aluCtrl<0> (aluCtrl_0_OBUF)
     OBUF:I->O                 4.396          aluCtrl_0_OBUF (aluCtrl<0>)
    ----------------------------------------
    Total                      7.988ns (6.013ns logic, 1.975ns route)
                                       (75.3% logic, 24.7% route)

=========================================================================
Timing constraint: Default path analysis
  Total number of paths / destination ports: 19 / 4
-------------------------------------------------------------------------
Delay:               8.643ns (Levels of Logic = 5)
  Source:            funct<5> (PAD)
  Destination:       aluCtrl<2> (PAD)

  Data Path: funct<5> to aluCtrl<2>
                                Gate     Net
    Cell:in->out      fanout   Delay   Delay  Logical Name (Net Name)
    ----------------------------------------  ------------
     IBUF:I->O             3   0.824   0.559  funct_5_IBUF (funct_5_IBUF)
     LUT4:I0->O            1   0.561   0.465  ad/aluCtrl<2>13 (ad/aluCtrl<2>13)
     LUT4:I0->O            1   0.561   0.359  ad/aluCtrl<2>30_SW0 (N20)
     LUT4:I3->O            1   0.561   0.357  ad/aluCtrl<2>30 (aluCtrl_2_OBUF)
     OBUF:I->O                 4.396          aluCtrl_2_OBUF (aluCtrl<2>)
    ----------------------------------------
    Total                      8.643ns (6.903ns logic, 1.740ns route)
                                       (79.9% logic, 20.1% route)

=========================================================================


Total REAL time to Xst completion: 6.00 secs
Total CPU time to Xst completion: 5.80 secs
 
--> 

Total memory usage is 255716 kilobytes

Number of errors   :    0 (   0 filtered)
Number of warnings :    6 (   0 filtered)
Number of infos    :    0 (   0 filtered)

